h:\vs_workspace\learnopengl\learnopengl\debug\glad.obj
h:\vs_workspace\learnopengl\learnopengl\debug\test.obj
h:\vs_workspace\learnopengl\learnopengl\debug\vc141.pdb
h:\vs_workspace\learnopengl\debug\learnopengl.pdb
h:\vs_workspace\learnopengl\debug\learnopengl.lib
h:\vs_workspace\learnopengl\debug\learnopengl.exp
h:\vs_workspace\learnopengl\learnopengl\debug\window.obj
h:\vs_workspace\learnopengl\learnopengl\debug\vc141.idb
h:\vs_workspace\learnopengl\learnopengl\debug\vc141_ib_1.idb
h:\vs_workspace\learnopengl\learnopengl\debug\vc141_ib_2.idb
h:\vs_workspace\learnopengl\learnopengl\debug\vc141_ib_1.pdb
h:\vs_workspace\learnopengl\learnopengl\debug\vc141_ib_2.pdb
h:\vs_workspace\learnopengl\debug\learnopengl.exe
h:\vs_workspace\learnopengl\debug\learnopengl.ilk
h:\vs_workspace\learnopengl\learnopengl\debug\learnopengl.tlog\cl.command.1.tlog
h:\vs_workspace\learnopengl\learnopengl\debug\learnopengl.tlog\cl.read.1.tlog
h:\vs_workspace\learnopengl\learnopengl\debug\learnopengl.tlog\cl.write.1.tlog
h:\vs_workspace\learnopengl\learnopengl\debug\learnopengl.tlog\ib.ib.cl.read.1.tlog
h:\vs_workspace\learnopengl\learnopengl\debug\learnopengl.tlog\ib.ib.cl.write.1.tlog
h:\vs_workspace\learnopengl\learnopengl\debug\learnopengl.tlog\ib.ib.link-cvtres.read.1.tlog
h:\vs_workspace\learnopengl\learnopengl\debug\learnopengl.tlog\ib.ib.link-cvtres.write.1.tlog
h:\vs_workspace\learnopengl\learnopengl\debug\learnopengl.tlog\ib.ib.link-rc.read.1.tlog
h:\vs_workspace\learnopengl\learnopengl\debug\learnopengl.tlog\ib.ib.link-rc.write.1.tlog
h:\vs_workspace\learnopengl\learnopengl\debug\learnopengl.tlog\ib.ib.link.read.1.tlog
h:\vs_workspace\learnopengl\learnopengl\debug\learnopengl.tlog\ib.ib.link.write.1.tlog
h:\vs_workspace\learnopengl\learnopengl\debug\learnopengl.tlog\learnopengl.write.1u.tlog
h:\vs_workspace\learnopengl\learnopengl\debug\learnopengl.tlog\link-cvtres.read.1.tlog
h:\vs_workspace\learnopengl\learnopengl\debug\learnopengl.tlog\link-cvtres.write.1.tlog
h:\vs_workspace\learnopengl\learnopengl\debug\learnopengl.tlog\link-rc.read.1.tlog
h:\vs_workspace\learnopengl\learnopengl\debug\learnopengl.tlog\link-rc.write.1.tlog
h:\vs_workspace\learnopengl\learnopengl\debug\learnopengl.tlog\link.command.1.tlog
h:\vs_workspace\learnopengl\learnopengl\debug\learnopengl.tlog\link.read.1.tlog
h:\vs_workspace\learnopengl\learnopengl\debug\learnopengl.tlog\link.write.1.tlog
